D:\Projects\trpa\31000778\travel_demand_model\reference\code\summarizer 
[1] "D:/Projects/trpa/31000778/travel_demand_model/reference/code/R-3.5.1/library"
running
  'D:\Projects\trpa\31000778\travel_demand_model\reference\code\R-3.5.1\bin\x64\Rterm.exe --slave --no-restore --vanilla --file=./model_summarizer.R --args test2'

-- Attaching packages --------------------------------------- tidyverse 1.2.1 --
v ggplot2 3.1.1       v purrr   0.3.2  
v tibble  2.1.1       v dplyr   0.8.0.1
v tidyr   0.8.3       v stringr 1.4.0  
v readr   1.3.1       v forcats 0.4.0  
-- Conflicts ------------------------------------------ tidyverse_conflicts() --
x dplyr::filter() masks stats::filter()
x dplyr::lag()    masks stats::lag()
Warning messages:
1: package 'tidyverse' was built under R version 3.5.3 
2: package 'ggplot2' was built under R version 3.5.3 
3: package 'tibble' was built under R version 3.5.3 
4: package 'tidyr' was built under R version 3.5.3 
5: package 'readr' was built under R version 3.5.3 
6: package 'purrr' was built under R version 3.5.3 
7: package 'dplyr' was built under R version 3.5.3 
8: package 'stringr' was built under R version 3.5.3 
9: package 'forcats' was built under R version 3.5.3 
[1] "../../../scenarios/test2"
[1] 0
Parsed with column specification:
cols(
  .default = col_double()
)
See spec(...) for full column specifications.
Parsed with column specification:
cols(
  tripID = col_double(),
  tourID = col_double(),
  partyTypeID = col_double(),
  partyType = col_character(),
  partyID = col_double(),
  persons = col_double(),
  personList = col_character(),
  tripTypeID = col_double(),
  tripType = col_character(),
  leg = col_character(),
  startTaz = col_double(),
  endTaz = col_double(),
  time = col_double(),
  skim = col_double(),
  mode = col_character()
)
Parsed with column specification:
cols(
  `TAZ:1` = col_double(),
  TAZ = col_double(),
  `AB_PM_IVTT / BA_PM_IVTT` = col_double(),
  `Length (Skim)` = col_double()
)
Parsed with column specification:
cols(
  `TAZ:1` = col_double(),
  TAZ = col_double(),
  `AB_AM_IVTT / BA_AM_IVTT` = col_double(),
  `Length (Skim)` = col_double()
)
Parsed with column specification:
cols(
  `TAZ:1` = col_double(),
  TAZ = col_double(),
  `AB_LN_IVTT / BA_LN_IVTT` = col_double(),
  `Length (Skim)` = col_double()
)
Parsed with column specification:
cols(
  `TAZ:1` = col_double(),
  TAZ = col_double(),
  `AB_MD_IVTT / BA_MD_IVTT` = col_double(),
  `Length (Skim)` = col_double()
)
