26-Jul-2011 18:58:38:495, INFO, Scenario created.
26-Jul-2011 19:13:54:698, INFO, Scenario created.
26-Jul-2011 19:14:00:432, WARN, Scenario directory already exists!
26-Jul-2011 19:14:00:448, WARN, Scenario creation failed!
26-Jul-2011 19:15:33:705, INFO, Scenario created.
26-Jul-2011 19:16:31:394, INFO, Scenario created.
26-Jul-2011 19:16:40:724, INFO, Scenario created.
26-Jul-2011 19:17:17:034, INFO, Scenario created.
26-Jul-2011 19:18:15:578, INFO, Scenario created.
26-Jul-2011 19:24:14:635, INFO, Scenario created.
26-Jul-2011 19:28:40:116, INFO, Scenario created.
26-Jul-2011 19:29:17:537, INFO, Scenario created.
26-Jul-2011 19:30:11:541, INFO, Scenario created.
27-Jul-2011 21:58:00:789, INFO, Scenario created.
27-Jul-2011 21:58:32:269, INFO, Scenario created.
27-Jul-2011 21:59:03:659, INFO, Scenario created.
28-Jul-2011 11:24:40:491, INFO, Scenario created.
28-Jul-2011 11:25:12:011, WARN, Scenario directory already exists!
28-Jul-2011 11:25:12:011, WARN, Scenario creation failed!
28-Jul-2011 16:42:19:326, INFO, Scenario created.
28-Jul-2011 16:44:16:393, INFO, Scenario created.
28-Jul-2011 16:45:30:674, WARN, Scenario directory already exists!
28-Jul-2011 16:45:30:675, WARN, Scenario creation failed!
28-Jul-2011 16:45:46:474, INFO, Scenario created.
28-Jul-2011 16:46:33:798, INFO, Scenario created.
28-Jul-2011 16:58:33:584, INFO, Scenario created.
28-Jul-2011 17:03:03:357, INFO, Scenario created.
28-Jul-2011 17:05:03:478, INFO, Scenario created.
28-Jul-2011 20:56:12:930, INFO, Scenario created.
04-Aug-2011 00:39:29:133, INFO, Scenario created.
04-Aug-2011 22:28:19:802, INFO, Scenario created.
06-Aug-2011 16:12:32:926, INFO, Scenario created.
07-Aug-2011 22:52:31:550, INFO, Scenario created.
10-Aug-2011 00:54:54:203, INFO, Scenario created.
11-Aug-2011 23:08:00:352, INFO, Scenario created.
30-Nov-2011 10:50:27:832, INFO, Scenario created.
30-Nov-2011 11:07:50:144, INFO, Scenario created.
08-Dec-2011 13:10:16:744, INFO, Scenario created.
08-Dec-2011 13:10:30:893, INFO, Scenario created.
08-Dec-2011 13:11:52:512, INFO, Scenario created.
26-Jan-2012 16:54:09:295, INFO, Scenario created.
28-Feb-2012 14:51:40:126, INFO, Scenario created.
07-Mar-2012 15:15:55:130, INFO, Scenario created.
21-Mar-2012 14:41:00:748, INFO, Scenario created.
03-Apr-2012 10:15:39:473, INFO, Scenario created.
16-May-2012 09:21:00:364, INFO, Scenario created.
16-May-2012 09:26:32:618, INFO, Scenario created.
22-Jun-2012 13:57:57:583, INFO, Scenario created.
18-Jun-2014 12:38:11:517, INFO, Scenario created.
19-Jun-2014 12:14:41:870, INFO, Scenario created.
21-Jun-2014 14:06:28:647, INFO, Scenario created.
23-Jun-2014 13:24:25:352, INFO, Scenario created.
23-Jun-2014 17:23:32:542, INFO, Scenario created.
23-Jun-2014 17:37:02:776, INFO, Scenario created.
23-Jun-2014 17:56:35:430, INFO, Scenario created.
23-Jun-2014 18:22:56:001, INFO, Scenario created.
23-Jun-2014 18:56:04:209, INFO, Scenario created.
24-Jun-2014 11:09:39:089, INFO, Scenario created.
24-Jun-2014 16:26:00:812, INFO, Scenario created.
25-Jun-2014 12:30:02:433, INFO, Scenario created.
25-Jun-2014 15:42:22:943, INFO, Scenario created.
26-Jun-2014 09:13:27:520, INFO, Scenario created.
12-Jan-2015 15:57:58:460, INFO, Scenario created.
12-Jan-2015 16:20:39:968, INFO, Scenario created.
12-Jan-2015 17:13:16:103, INFO, Scenario created.
13-Jan-2015 13:57:08:374, INFO, Scenario created.
14-Jan-2015 11:38:35:684, INFO, Scenario created.
15-Jan-2015 11:15:26:084, INFO, Scenario created.
16-Jan-2015 09:57:28:142, INFO, Scenario created.
13-Apr-2015 11:36:37:034, INFO, Scenario created.
13-Apr-2015 14:05:52:585, INFO, Scenario created.
13-Apr-2015 15:50:58:329, INFO, Scenario created.
14-Apr-2015 13:54:34:232, INFO, Scenario created.
14-Sep-2015 12:15:22:720, INFO, Scenario created.
16-Sep-2015 15:37:30:471, INFO, Scenario created.
11-Dec-2015 11:40:05:590, INFO, Scenario created.
14-Dec-2015 11:00:55:528, INFO, Scenario created.
14-Dec-2015 12:47:41:869, INFO, Scenario created.
15-Dec-2015 10:34:18:543, INFO, Scenario created.
15-Dec-2015 16:22:43:627, INFO, Scenario created.
17-Dec-2015 10:38:10:931, INFO, Scenario created.
18-Dec-2015 11:10:29:476, INFO, Scenario created.
18-Dec-2015 11:57:27:739, INFO, Scenario created.
18-Dec-2015 12:29:20:748, INFO, Scenario created.
18-Dec-2015 14:16:27:958, INFO, Scenario created.
18-Dec-2015 17:27:20:245, INFO, Scenario created.
21-Dec-2015 09:23:44:886, INFO, Scenario created.
21-Dec-2015 12:46:16:899, INFO, Scenario created.
21-Dec-2015 15:34:48:460, INFO, Scenario created.
22-Dec-2015 09:55:00:804, INFO, Scenario created.
15-Jan-2016 11:40:33:769, INFO, Scenario created.
15-Jan-2016 15:39:33:397, INFO, Scenario created.
16-Jan-2016 11:19:58:796, INFO, Scenario created.
17-Jan-2016 10:09:24:121, INFO, Scenario created.
25-Jan-2016 13:22:28:834, INFO, Scenario created.
17-Feb-2016 16:02:56:173, INFO, Scenario created.
24-Feb-2016 14:06:11:993, INFO, Scenario created.
25-Feb-2016 10:14:08:930, INFO, Scenario created.
01-Mar-2016 14:31:55:901, INFO, Scenario created.
08-Mar-2016 12:01:18:199, INFO, Scenario created.
09-Mar-2016 10:58:59:826, INFO, Scenario created.
10-Mar-2016 16:39:17:879, INFO, Scenario created.
30-Aug-2017 13:47:02:863, INFO, Scenario created.
16-Oct-2017 16:02:25:052, INFO, Scenario created.
16-Oct-2017 16:14:20:766, INFO, Scenario created.
16-Oct-2017 16:23:46:947, INFO, Scenario created.
16-Oct-2017 16:24:59:460, INFO, Scenario created.
19-Oct-2017 09:35:12:361, INFO, Scenario created.
09-Nov-2017 10:09:53:838, INFO, Scenario created.
09-Nov-2017 10:14:57:526, INFO, Scenario created.
08-Feb-2018 14:14:07:068, INFO, Scenario created.
09-Feb-2018 09:02:56:724, INFO, Scenario created.
09-Feb-2018 09:26:31:646, INFO, Scenario created.
13-Feb-2018 16:09:29:967, INFO, Scenario created.
20-Feb-2018 09:18:44:667, INFO, Scenario created.
16-Mar-2018 12:34:42:142, INFO, Scenario created.
22-Mar-2018 08:49:34:312, INFO, Scenario created.
